app/manifest-merger-release-report.txt
-- Merging decision tree log ---
manifest
ADDED from AndroidManifest.xml:2:1
	xmlns:android
		ADDED from AndroidManifest.xml:2:11
	package
		ADDED from AndroidManifest.xml:3:5
		INJECTED from AndroidManifest.xml:0:0
		INJECTED from AndroidManifest.xml:0:0
	android:versionName
		INJECTED from AndroidManifest.xml:0:0
		INJECTED from AndroidManifest.xml:0:0
	android:versionCode
		INJECTED from AndroidManifest.xml:0:0
		INJECTED from AndroidManifest.xml:0:0
uses-permission#android.permission.INTERNET
ADDED from AndroidManifest.xml:5:5
MERGED from master-crm-studio-dpr:odoo-rpc-v2:unspecified:11:5
	android:name
		ADDED from AndroidManifest.xml:5:22
uses-permission#android.permission.VIBRATE
ADDED from AndroidManifest.xml:6:5
MERGED from master-crm-studio-dpr:odoo-rpc-v2:unspecified:14:5
	android:name
		ADDED from AndroidManifest.xml:6:22
uses-permission#android.permission.ACCESS_WIFI_STATE
ADDED from AndroidManifest.xml:7:5
MERGED from master-crm-studio-dpr:odoo-rpc-v2:unspecified:15:5
	android:name
		ADDED from AndroidManifest.xml:7:22
uses-permission#android.permission.ACCESS_NETWORK_STATE
ADDED from AndroidManifest.xml:8:5
MERGED from master-crm-studio-dpr:odoo-rpc-v2:unspecified:16:5
	android:name
		ADDED from AndroidManifest.xml:8:22
uses-permission#android.permission.GET_TASKS
ADDED from AndroidManifest.xml:9:5
	android:name
		ADDED from AndroidManifest.xml:9:22
uses-permission#android.permission.AUTHENTICATE_ACCOUNTS
ADDED from AndroidManifest.xml:10:5
	android:name
		ADDED from AndroidManifest.xml:10:22
uses-permission#android.permission.GET_ACCOUNTS
ADDED from AndroidManifest.xml:11:5
	android:name
		ADDED from AndroidManifest.xml:11:22
uses-permission#android.permission.USE_CREDENTIALS
ADDED from AndroidManifest.xml:12:5
	android:name
		ADDED from AndroidManifest.xml:12:22
uses-permission#android.permission.MANAGE_ACCOUNTS
ADDED from AndroidManifest.xml:13:5
	android:name
		ADDED from AndroidManifest.xml:13:22
uses-permission#android.permission.READ_SYNC_SETTINGS
ADDED from AndroidManifest.xml:14:5
	android:name
		ADDED from AndroidManifest.xml:14:22
uses-permission#android.permission.READ_SYNC_STATS
ADDED from AndroidManifest.xml:15:5
	android:name
		ADDED from AndroidManifest.xml:15:22
uses-permission#android.permission.WRITE_SYNC_SETTINGS
ADDED from AndroidManifest.xml:16:5
	android:name
		ADDED from AndroidManifest.xml:16:22
uses-permission#android.permission.WAKE_LOCK
ADDED from AndroidManifest.xml:17:5
MERGED from master-crm-studio-dpr:odoo-rpc-v2:unspecified:17:5
	android:name
		ADDED from AndroidManifest.xml:17:22
uses-permission#com.google.android.c2dm.permission.RECEIVE
ADDED from AndroidManifest.xml:18:5
MERGED from master-crm-studio-dpr:odoo-rpc-v2:unspecified:13:5
	android:name
		ADDED from AndroidManifest.xml:18:22
uses-permission#android.permission.READ_PHONE_STATE
ADDED from AndroidManifest.xml:19:5
MERGED from master-crm-studio-dpr:odoo-rpc-v2:unspecified:12:5
	android:name
		ADDED from AndroidManifest.xml:19:22
uses-permission#android.permission.SYSTEM_ALERT_WINDOW
ADDED from AndroidManifest.xml:20:5
	android:name
		ADDED from AndroidManifest.xml:20:22
uses-permission#android.permission.CALL_PHONE
ADDED from AndroidManifest.xml:21:5
	android:name
		ADDED from AndroidManifest.xml:21:22
uses-permission#android.permission.READ_EXTERNAL_STORAGE
ADDED from AndroidManifest.xml:22:5
	android:name
		ADDED from AndroidManifest.xml:22:22
uses-permission#android.permission.WRITE_EXTERNAL_STORAGE
ADDED from AndroidManifest.xml:23:5
	android:name
		ADDED from AndroidManifest.xml:23:22
uses-permission#android.permission.MANAGE_DOCUMENTS
ADDED from AndroidManifest.xml:24:5
	android:name
		ADDED from AndroidManifest.xml:24:22
permission#com.odoo.crm.permission.C2D_MESSAGE
ADDED from AndroidManifest.xml:26:5
	android:protectionLevel
		ADDED from AndroidManifest.xml:28:9
	android:name
		ADDED from AndroidManifest.xml:27:9
application
ADDED from AndroidManifest.xml:30:5
MERGED from com.android.support:appcompat-v7:21.0.3:16:5
MERGED from com.android.support:support-v4:21.0.3:16:5
MERGED from com.google.android.gms:play-services:6.5.87:20:5
MERGED from com.android.support:support-v4:21.0.3:16:5
MERGED from com.android.support:cardview-v7:21.0.3:16:5
MERGED from master-crm-studio-dpr:odoo-rpc-v2:unspecified:20:5
MERGED from master-crm-studio-dpr:calendar-lib:unspecified:11:5
MERGED from master-crm-studio-dpr:bottom-sheet-lib:unspecified:11:5
MERGED from master-crm-studio-dpr:parallax-effect-lib:unspecified:11:5
MERGED from master-crm-studio-dpr:snackbar-lib:unspecified:11:5
MERGED from master-crm-studio-dpr:intro-slider-lib:unspecified:11:5
MERGED from com.android.support:support-v4:21.0.3:16:5
	android:label
		ADDED from AndroidManifest.xml:35:9
	android:allowBackup
		ADDED from AndroidManifest.xml:32:9
	android:icon
		ADDED from AndroidManifest.xml:34:9
	android:theme
		ADDED from AndroidManifest.xml:37:9
	android:hardwareAccelerated
		ADDED from AndroidManifest.xml:33:9
	android:largeHeap
		ADDED from AndroidManifest.xml:36:9
	android:name
		ADDED from AndroidManifest.xml:31:9
activity#com.odoo.core.account.OdooLogin
ADDED from AndroidManifest.xml:38:9
	android:screenOrientation
		ADDED from AndroidManifest.xml:40:13
	android:name
		ADDED from AndroidManifest.xml:39:13
intent-filter#android.intent.action.MAIN+android.intent.category.LAUNCHER
ADDED from AndroidManifest.xml:41:13
action#android.intent.action.MAIN
ADDED from AndroidManifest.xml:42:17
	android:name
		ADDED from AndroidManifest.xml:42:25
category#android.intent.category.LAUNCHER
ADDED from AndroidManifest.xml:44:17
	android:name
		ADDED from AndroidManifest.xml:44:27
activity#com.odoo.core.account.ManageAccounts
ADDED from AndroidManifest.xml:47:9
	android:name
		ADDED from AndroidManifest.xml:47:19
activity#com.odoo.OdooActivity
ADDED from AndroidManifest.xml:48:9
	android:name
		ADDED from AndroidManifest.xml:48:19
activity#odoo.controls.SearchableItemActivity
ADDED from AndroidManifest.xml:49:9
	android:name
		ADDED from AndroidManifest.xml:49:19
activity#com.odoo.SettingsActivity
ADDED from AndroidManifest.xml:50:9
	android:name
		ADDED from AndroidManifest.xml:50:19
activity#com.odoo.core.account.AppIntro
ADDED from AndroidManifest.xml:51:9
	android:screenOrientation
		ADDED from AndroidManifest.xml:53:13
	android:name
		ADDED from AndroidManifest.xml:52:13
activity#com.odoo.base.addons.mail.widget.MailDetailDialog
ADDED from AndroidManifest.xml:54:9
	android:theme
		ADDED from AndroidManifest.xml:56:13
	android:name
		ADDED from AndroidManifest.xml:55:13
activity#com.odoo.base.addons.mail.widget.MailChatterCompose
ADDED from AndroidManifest.xml:57:9
	android:theme
		ADDED from AndroidManifest.xml:59:13
	android:name
		ADDED from AndroidManifest.xml:58:13
activity#com.odoo.core.account.OdooAccountQuickManage
ADDED from AndroidManifest.xml:60:9
	android:windowSoftInputMode
		ADDED from AndroidManifest.xml:61:13
	android:theme
		ADDED from AndroidManifest.xml:63:13
	android:name
		ADDED from AndroidManifest.xml:62:13
activity#com.odoo.core.account.About
ADDED from AndroidManifest.xml:64:9
	android:name
		ADDED from AndroidManifest.xml:64:19
activity#com.odoo.core.account.Profile
ADDED from AndroidManifest.xml:65:9
	android:name
		ADDED from AndroidManifest.xml:65:19
receiver#com.odoo.core.utils.reminder.ReminderReceiver
ADDED from AndroidManifest.xml:68:9
	android:name
		ADDED from AndroidManifest.xml:68:19
receiver#com.odoo.core.utils.reminder.ReminderActionReceiver
ADDED from AndroidManifest.xml:69:9
	android:name
		ADDED from AndroidManifest.xml:69:19
receiver#com.odoo.news.OdooNewsReceiver
ADDED from AndroidManifest.xml:70:9
	android:name
		ADDED from AndroidManifest.xml:70:19
intent-filter#odoo.Odoo.ACTION_ODOO_UPDATES
ADDED from AndroidManifest.xml:71:13
action#odoo.Odoo.ACTION_ODOO_UPDATES
ADDED from AndroidManifest.xml:72:17
	android:name
		ADDED from AndroidManifest.xml:72:25
service#com.odoo.core.auth.OdooAuthService
ADDED from AndroidManifest.xml:76:9
	android:name
		ADDED from AndroidManifest.xml:76:18
intent-filter#android.accounts.AccountAuthenticator
ADDED from AndroidManifest.xml:77:13
action#android.accounts.AccountAuthenticator
ADDED from AndroidManifest.xml:78:17
	android:name
		ADDED from AndroidManifest.xml:78:25
meta-data#android.accounts.AccountAuthenticator
ADDED from AndroidManifest.xml:81:13
	android:resource
		ADDED from AndroidManifest.xml:83:17
	android:name
		ADDED from AndroidManifest.xml:82:17
provider#com.odoo.core.orm.provider.BaseModelProvider
ADDED from AndroidManifest.xml:86:9
	android:multiprocess
		ADDED from AndroidManifest.xml:89:13
	android:authorities
		ADDED from AndroidManifest.xml:88:13
	android:name
		ADDED from AndroidManifest.xml:87:13
provider#com.odoo.base.addons.ir.providers.IrModelProvider
ADDED from AndroidManifest.xml:90:9
	android:multiprocess
		ADDED from AndroidManifest.xml:93:13
	android:authorities
		ADDED from AndroidManifest.xml:92:13
	android:name
		ADDED from AndroidManifest.xml:91:13
provider#com.odoo.addons.customers.providers.CustomersSyncProvider
ADDED from AndroidManifest.xml:96:9
	android:label
		ADDED from AndroidManifest.xml:99:13
	android:multiprocess
		ADDED from AndroidManifest.xml:100:13
	android:authorities
		ADDED from AndroidManifest.xml:98:13
	android:name
		ADDED from AndroidManifest.xml:97:13
service#com.odoo.addons.customers.services.CustomerSyncService
ADDED from AndroidManifest.xml:102:9
	android:process
		ADDED from AndroidManifest.xml:105:13
	android:exported
		ADDED from AndroidManifest.xml:104:13
	android:name
		ADDED from AndroidManifest.xml:103:13
intent-filter#android.content.SyncAdapter
ADDED from AndroidManifest.xml:106:13
action#android.content.SyncAdapter
ADDED from AndroidManifest.xml:107:17
	android:name
		ADDED from AndroidManifest.xml:107:25
meta-data#android.content.SyncAdapter
ADDED from AndroidManifest.xml:110:13
	android:resource
		ADDED from AndroidManifest.xml:112:17
	android:name
		ADDED from AndroidManifest.xml:111:17
provider#com.odoo.addons.calendar.providers.CalendarSyncProvider
ADDED from AndroidManifest.xml:115:9
	android:label
		ADDED from AndroidManifest.xml:118:13
	android:multiprocess
		ADDED from AndroidManifest.xml:119:13
	android:authorities
		ADDED from AndroidManifest.xml:117:13
	android:name
		ADDED from AndroidManifest.xml:116:13
service#com.odoo.addons.calendar.services.CalendarSyncService
ADDED from AndroidManifest.xml:121:9
	android:process
		ADDED from AndroidManifest.xml:124:13
	android:exported
		ADDED from AndroidManifest.xml:123:13
	android:name
		ADDED from AndroidManifest.xml:122:13
provider#com.odoo.addons.crm.providers.CRMLeadProvider
ADDED from AndroidManifest.xml:134:9
	android:label
		ADDED from AndroidManifest.xml:137:13
	android:multiprocess
		ADDED from AndroidManifest.xml:138:13
	android:authorities
		ADDED from AndroidManifest.xml:136:13
	android:name
		ADDED from AndroidManifest.xml:135:13
service#com.odoo.addons.crm.services.CRMLeadSyncService
ADDED from AndroidManifest.xml:140:9
	android:process
		ADDED from AndroidManifest.xml:143:13
	android:exported
		ADDED from AndroidManifest.xml:142:13
	android:name
		ADDED from AndroidManifest.xml:141:13
provider#com.odoo.addons.sale.providers.SaleOrderProvider
ADDED from AndroidManifest.xml:153:9
	android:label
		ADDED from AndroidManifest.xml:156:13
	android:multiprocess
		ADDED from AndroidManifest.xml:157:13
	android:authorities
		ADDED from AndroidManifest.xml:155:13
	android:name
		ADDED from AndroidManifest.xml:154:13
service#com.odoo.addons.sale.services.SaleOrderSyncService
ADDED from AndroidManifest.xml:159:9
	android:process
		ADDED from AndroidManifest.xml:162:13
	android:exported
		ADDED from AndroidManifest.xml:161:13
	android:name
		ADDED from AndroidManifest.xml:160:13
provider#com.odoo.addons.phonecall.providers.PhoneCallProvider
ADDED from AndroidManifest.xml:172:9
	android:label
		ADDED from AndroidManifest.xml:175:13
	android:multiprocess
		ADDED from AndroidManifest.xml:176:13
	android:authorities
		ADDED from AndroidManifest.xml:174:13
	android:name
		ADDED from AndroidManifest.xml:173:13
service#com.odoo.addons.phonecall.services.PhoneCallSyncService
ADDED from AndroidManifest.xml:178:9
	android:process
		ADDED from AndroidManifest.xml:181:13
	android:exported
		ADDED from AndroidManifest.xml:180:13
	android:name
		ADDED from AndroidManifest.xml:179:13
activity#com.odoo.addons.calendar.EventDetail
ADDED from AndroidManifest.xml:191:9
	android:windowSoftInputMode
		ADDED from AndroidManifest.xml:193:13
	android:name
		ADDED from AndroidManifest.xml:192:13
activity#com.odoo.addons.customers.CustomerDetails
ADDED from AndroidManifest.xml:194:9
	android:windowSoftInputMode
		ADDED from AndroidManifest.xml:196:13
	android:name
		ADDED from AndroidManifest.xml:195:13
activity#com.odoo.addons.crm.CRMDetail
ADDED from AndroidManifest.xml:197:9
	android:windowSoftInputMode
		ADDED from AndroidManifest.xml:199:13
	android:name
		ADDED from AndroidManifest.xml:198:13
activity#com.odoo.addons.crm.ConvertToOpportunityWizard
ADDED from AndroidManifest.xml:200:9
	android:windowSoftInputMode
		ADDED from AndroidManifest.xml:203:13
	android:theme
		ADDED from AndroidManifest.xml:202:13
	android:name
		ADDED from AndroidManifest.xml:201:13
activity#com.odoo.addons.crm.ConvertToQuotation
ADDED from AndroidManifest.xml:204:9
	android:windowSoftInputMode
		ADDED from AndroidManifest.xml:207:13
	android:theme
		ADDED from AndroidManifest.xml:206:13
	android:name
		ADDED from AndroidManifest.xml:205:13
activity#com.odoo.addons.phonecall.PhoneCallDetail
ADDED from AndroidManifest.xml:208:9
	android:windowSoftInputMode
		ADDED from AndroidManifest.xml:210:13
	android:name
		ADDED from AndroidManifest.xml:209:13
activity#com.odoo.addons.sale.SalesDetail
ADDED from AndroidManifest.xml:211:9
	android:windowSoftInputMode
		ADDED from AndroidManifest.xml:214:13
	android:screenOrientation
		ADDED from AndroidManifest.xml:213:13
	android:name
		ADDED from AndroidManifest.xml:212:13
receiver#com.odoo.addons.phonecall.features.receivers.PhoneStateReceiver
ADDED from AndroidManifest.xml:216:9
	android:name
		ADDED from AndroidManifest.xml:216:19
intent-filter#android.intent.action.PHONE_STATE
ADDED from AndroidManifest.xml:217:13
action#android.intent.action.PHONE_STATE
ADDED from AndroidManifest.xml:218:17
	android:name
		ADDED from AndroidManifest.xml:218:25
intent-filter#android.intent.action.NEW_OUTGOING_CALL
ADDED from AndroidManifest.xml:220:13
action#android.intent.action.NEW_OUTGOING_CALL
ADDED from AndroidManifest.xml:221:17
	android:name
		ADDED from AndroidManifest.xml:221:25
activity#com.odoo.addons.sale.AddProductLineWizard
ADDED from AndroidManifest.xml:225:9
	android:windowSoftInputMode
		ADDED from AndroidManifest.xml:227:13
	android:name
		ADDED from AndroidManifest.xml:226:13
uses-sdk
INJECTED from AndroidManifest.xml:0:0 reason: use-sdk injection requested
MERGED from com.android.support:appcompat-v7:21.0.3:15:5
MERGED from com.android.support:support-v4:21.0.3:15:5
MERGED from com.google.android.gms:play-services:6.5.87:18:5
MERGED from com.android.support:support-v4:21.0.3:15:5
MERGED from com.android.support:cardview-v7:21.0.3:15:5
MERGED from master-crm-studio-dpr:odoo-rpc-v2:unspecified:7:5
MERGED from master-crm-studio-dpr:calendar-lib:unspecified:7:5
MERGED from master-crm-studio-dpr:bottom-sheet-lib:unspecified:7:5
MERGED from master-crm-studio-dpr:parallax-effect-lib:unspecified:7:5
MERGED from master-crm-studio-dpr:snackbar-lib:unspecified:7:5
MERGED from master-crm-studio-dpr:intro-slider-lib:unspecified:7:5
MERGED from com.android.support:support-v4:21.0.3:15:5
	android:targetSdkVersion
		INJECTED from AndroidManifest.xml:0:0
		INJECTED from AndroidManifest.xml:0:0
	android:minSdkVersion
		INJECTED from AndroidManifest.xml:0:0
		INJECTED from AndroidManifest.xml:0:0
meta-data#com.google.android.gms.version
ADDED from com.google.android.gms:play-services:6.5.87:21:9
	android:name
		ADDED from com.google.android.gms:play-services:6.5.87:22:13
	android:value
		ADDED from com.google.android.gms:play-services:6.5.87:23:13
uses-permission#android.permission.CAMERA
ADDED from master-crm-studio-dpr:odoo-rpc-v2:unspecified:18:5
	android:name
		ADDED from master-crm-studio-dpr:odoo-rpc-v2:unspecified:18:22
receiver#odoo.kernel.handler.ActionHandler
ADDED from master-crm-studio-dpr:odoo-rpc-v2:unspecified:24:9
	android:permission
		ADDED from master-crm-studio-dpr:odoo-rpc-v2:unspecified:26:13
	android:name
		ADDED from master-crm-studio-dpr:odoo-rpc-v2:unspecified:25:13
intent-filter#com.google.android.c2dm.intent.RECEIVE+com.google.android.c2dm.intent.REGISTRATION
ADDED from master-crm-studio-dpr:odoo-rpc-v2:unspecified:27:13
action#com.google.android.c2dm.intent.RECEIVE
ADDED from master-crm-studio-dpr:odoo-rpc-v2:unspecified:28:17
	android:name
		ADDED from master-crm-studio-dpr:odoo-rpc-v2:unspecified:28:25
action#com.google.android.c2dm.intent.REGISTRATION
ADDED from master-crm-studio-dpr:odoo-rpc-v2:unspecified:29:17
	android:name
		ADDED from master-crm-studio-dpr:odoo-rpc-v2:unspecified:29:25
service#odoo.kernel.handler.ActionHandlerService
ADDED from master-crm-studio-dpr:odoo-rpc-v2:unspecified:33:9
	android:name
		ADDED from master-crm-studio-dpr:odoo-rpc-v2:unspecified:33:18
activity#odoo.zxing.handler.OdooMobileQRReader
ADDED from master-crm-studio-dpr:odoo-rpc-v2:unspecified:35:9
	android:screenOrientation
		ADDED from master-crm-studio-dpr:odoo-rpc-v2:unspecified:37:13
	android:name
		ADDED from master-crm-studio-dpr:odoo-rpc-v2:unspecified:36:13